0 info it worked if it ends with ok
1 verbose cli [ '/usr/local/bin/node', '/usr/local/bin/npm', 'run', 'run' ]
2 info using npm@4.1.2
3 info using node@v6.10.0
4 verbose run-script [ 'prerun', 'run', 'postrun' ]
5 info lifecycle chatroom@1.0.0~prerun: chatroom@1.0.0
6 silly lifecycle chatroom@1.0.0~prerun: no script for prerun, continuing
7 info lifecycle chatroom@1.0.0~run: chatroom@1.0.0
8 verbose lifecycle chatroom@1.0.0~run: unsafe-perm in lifecycle true
9 verbose lifecycle chatroom@1.0.0~run: PATH: /usr/local/lib/node_modules/npm/bin/node-gyp-bin:/Users/ericjau/Documents/embedded_system/chatroom/node_modules/.bin:/usr/local/cuda/bin:/opt/local/bin:/opt/local/sbin:/Library/Frameworks/Python.framework/Versions/3.5/bin:/usr/local/bin:/usr/bin:/bin:/usr/sbin:/sbin:/opt/X11/bin:/Library/TeX/texbin:/Users/ericjau/.fzf/bin:/opt/android-sdk/tools:/opt/android-sdk/platform-tools:/opt/android-studio/bin:/usr/local/mysql/binexport:/usr/local/mysql/bin/
10 verbose lifecycle chatroom@1.0.0~run: CWD: /Users/ericjau/Documents/embedded_system/chatroom
11 silly lifecycle chatroom@1.0.0~run: Args: [ '-c', 'xdg-open public/index.html' ]
12 info lifecycle chatroom@1.0.0~run: Failed to exec run script
13 verbose stack Error: chatroom@1.0.0 run: `xdg-open public/index.html`
13 verbose stack spawn ENOENT
13 verbose stack     at ChildProcess.<anonymous> (/usr/local/lib/node_modules/npm/lib/utils/spawn.js:33:16)
13 verbose stack     at emitTwo (events.js:106:13)
13 verbose stack     at ChildProcess.emit (events.js:191:7)
13 verbose stack     at maybeClose (internal/child_process.js:877:16)
13 verbose stack     at Process.ChildProcess._handle.onexit (internal/child_process.js:226:5)
14 verbose pkgid chatroom@1.0.0
15 verbose cwd /Users/ericjau/Documents/embedded_system/chatroom
16 error Darwin 16.0.0
17 error argv "/usr/local/bin/node" "/usr/local/bin/npm" "run" "run"
18 error node v6.10.0
19 error npm  v4.1.2
20 error file sh
21 error code ELIFECYCLE
22 error errno ENOENT
23 error syscall spawn
24 error chatroom@1.0.0 run: `xdg-open public/index.html`
24 error spawn ENOENT
25 error Failed at the chatroom@1.0.0 run script 'xdg-open public/index.html'.
25 error Make sure you have the latest version of node.js and npm installed.
25 error If you do, this is most likely a problem with the chatroom package,
25 error not with npm itself.
25 error Tell the author that this fails on your system:
25 error     xdg-open public/index.html
25 error You can get information on how to open an issue for this project with:
25 error     npm bugs chatroom
25 error Or if that isn't available, you can get their info via:
25 error     npm owner ls chatroom
25 error There is likely additional logging output above.
26 verbose exit [ 1, true ]
